<?xml version="1.0" encoding="UTF-8"?>
<testsuite xmlns:xsi="http://www.w3.org/2001/XMLSchema-instance" xsi:noNamespaceSchemaLocation="https://maven.apache.org/surefire/maven-surefire-plugin/xsd/surefire-test-report.xsd" version="3.0.2" name="com.budget.service.ValidationServiceTest" time="0.066" tests="46" errors="0" skipped="0" failures="0">
  <properties>
[...]
</properties>
  <testcase name="testValidateCategoryNameTooLong" classname="com.budget.service.ValidationServiceTest" time="0.001"/>
  <testcase name="testValidateTransactionTypeStringEmpty" classname="com.budget.service.ValidationServiceTest" time="0.001"/>
  <testcase name="testValidateTransactionTypeStringValid" classname="com.budget.service.ValidationServiceTest" time="0.001"/>
  <testcase name="testValidatePositiveValid" classname="com.budget.service.ValidationServiceTest" time="0.0"/>
  <testcase name="testValidateNotEmptyNull" classname="com.budget.service.ValidationServiceTest" time="0.001"/>
  <testcase name="testValidateTransactionDateValid" classname="com.budget.service.ValidationServiceTest" time="0.001"/>
  <testcase name="testValidateStringNull" classname="com.budget.service.ValidationServiceTest" time="0.001"/>
  <testcase name="testValidateBudgetCategoryValid" classname="com.budget.service.ValidationServiceTest" time="0.001"/>
  <testcase name="testValidateStringTooLong" classname="com.budget.service.ValidationServiceTest" time="0.002"/>
  <testcase name="testValidateBudgetCategoryNull" classname="com.budget.service.ValidationServiceTest" time="0.001"/>
  <testcase name="testValidateBudgetCategoryIncome" classname="com.budget.service.ValidationServiceTest" time="0.001"/>
  <testcase name="testValidateBudgetLimitZero" classname="com.budget.service.ValidationServiceTest" time="0.001"/>
  <testcase name="testValidateTransactionTypeStringNull" classname="com.budget.service.ValidationServiceTest" time="0.001"/>
  <testcase name="testValidateTransactionNotesTooLong" classname="com.budget.service.ValidationServiceTest" time="0.001"/>
  <testcase name="testValidateNotNullBigDecimalNull" classname="com.budget.service.ValidationServiceTest" time="0.001"/>
  <testcase name="testValidateCategoryDescriptionNull" classname="com.budget.service.ValidationServiceTest" time="0.001"/>
  <testcase name="testValidateTransactionDateNull" classname="com.budget.service.ValidationServiceTest" time="0.001"/>
  <testcase name="testValidateTransactionCategoryValid" classname="com.budget.service.ValidationServiceTest" time="0.001"/>
  <testcase name="testValidateTransactionTypeValid" classname="com.budget.service.ValidationServiceTest" time="0.0"/>
  <testcase name="testValidateGreaterThanZeroZero" classname="com.budget.service.ValidationServiceTest" time="0.001"/>
  <testcase name="testValidateLengthValid" classname="com.budget.service.ValidationServiceTest" time="0.0"/>
  <testcase name="testValidateGreaterThanZeroNegative" classname="com.budget.service.ValidationServiceTest" time="0.001"/>
  <testcase name="testValidateTransactionAmountZero" classname="com.budget.service.ValidationServiceTest" time="0.001"/>
  <testcase name="testValidatePositiveNegative" classname="com.budget.service.ValidationServiceTest" time="0.001"/>
  <testcase name="testValidateTransactionDescriptionValid" classname="com.budget.service.ValidationServiceTest" time="0.001"/>
  <testcase name="testValidateTransactionCategoryNull" classname="com.budget.service.ValidationServiceTest" time="0.001"/>
  <testcase name="testValidateCategoryDescriptionTooLong" classname="com.budget.service.ValidationServiceTest" time="0.0"/>
  <testcase name="testValidateNotNullBigDecimalValid" classname="com.budget.service.ValidationServiceTest" time="0.001"/>
  <testcase name="testValidateStringEmpty" classname="com.budget.service.ValidationServiceTest" time="0.0"/>
  <testcase name="testValidateStringValid" classname="com.budget.service.ValidationServiceTest" time="0.0"/>
  <testcase name="testValidateNotNullValid" classname="com.budget.service.ValidationServiceTest" time="0.001"/>
  <testcase name="testValidateNotNullNull" classname="com.budget.service.ValidationServiceTest" time="0.001"/>
  <testcase name="testValidateTransactionTypeNull" classname="com.budget.service.ValidationServiceTest" time="0.001"/>
  <testcase name="testValidateCategoryNameValid" classname="com.budget.service.ValidationServiceTest" time="0.0"/>
  <testcase name="testValidateCategoryDescriptionValid" classname="com.budget.service.ValidationServiceTest" time="0.001"/>
  <testcase name="testValidateTransactionNotesValid" classname="com.budget.service.ValidationServiceTest" time="0.001"/>
  <testcase name="testValidateLengthTooLong" classname="com.budget.service.ValidationServiceTest" time="0.001"/>
  <testcase name="testValidateTransactionAmountValid" classname="com.budget.service.ValidationServiceTest" time="0.001"/>
  <testcase name="testValidateBudgetLimitValid" classname="com.budget.service.ValidationServiceTest" time="0.001"/>
  <testcase name="testValidateTransactionAmountNegative" classname="com.budget.service.ValidationServiceTest" time="0.001"/>
  <testcase name="testValidateBudgetLimitNegative" classname="com.budget.service.ValidationServiceTest" time="0.0"/>
  <testcase name="testValidateGreaterThanZeroValid" classname="com.budget.service.ValidationServiceTest" time="0.0"/>
  <testcase name="testValidateTransactionTypeStringInvalid" classname="com.budget.service.ValidationServiceTest" time="0.001"/>
  <testcase name="testValidateNotEmptyEmpty" classname="com.budget.service.ValidationServiceTest" time="0.001"/>
  <testcase name="testValidateTransactionDescriptionTooLong" classname="com.budget.service.ValidationServiceTest" time="0.001"/>
  <testcase name="testValidateNotEmptyValid" classname="com.budget.service.ValidationServiceTest" time="0.0"/>
</testsuite>