<?xml version="1.0" encoding="UTF-8"?>
<testsuite xmlns:xsi="http://www.w3.org/2001/XMLSchema-instance" xsi:noNamespaceSchemaLocation="https://maven.apache.org/surefire/maven-surefire-plugin/xsd/surefire-test-report.xsd" version="3.0.2" name="com.budget.model.TransactionTypeTest" time="0.008" tests="5" errors="0" skipped="0" failures="0">
  <properties>
[...]
</properties>
  <testcase name="testFromStringCaseInsensitive" classname="com.budget.model.TransactionTypeTest" time="0.001"/>
  <testcase name="testInvalidTransactionTypes" classname="com.budget.model.TransactionTypeTest" time="0.001"/>
  <testcase name="testFromStringInvalid" classname="com.budget.model.TransactionTypeTest" time="0.002"/>
  <testcase name="testFromStringValid" classname="com.budget.model.TransactionTypeTest" time="0.001"/>
  <testcase name="testValidTransactionTypes" classname="com.budget.model.TransactionTypeTest" time="0.0"/>
</testsuite>